0 info it worked if it ends with ok
1 verbose cli [ '/Users/aiwazz/.nvm/versions/node/v5.11.0/bin/node',
1 verbose cli   '/Users/aiwazz/.nvm/versions/node/v5.11.0/lib/node_modules/npm/bin/npm-cli.js',
1 verbose cli   'run-script',
1 verbose cli   'start' ]
2 info using npm@3.8.6
3 info using node@v5.11.0
4 verbose run-script [ 'prestart', 'start', 'poststart' ]
5 info lifecycle panel-builder@4.0.0-alpha~prestart: panel-builder@4.0.0-alpha
6 silly lifecycle panel-builder@4.0.0-alpha~prestart: no script for prestart, continuing
7 info lifecycle panel-builder@4.0.0-alpha~start: panel-builder@4.0.0-alpha
8 verbose lifecycle panel-builder@4.0.0-alpha~start: unsafe-perm in lifecycle true
9 verbose lifecycle panel-builder@4.0.0-alpha~start: PATH: /Users/aiwazz/.nvm/versions/node/v5.11.0/lib/node_modules/npm/bin/node-gyp-bin:/Users/aiwazz/Projects/premium plugins/content/plugins/panel-builder/node_modules/.bin:/Users/aiwazz/.nvm/versions/node/v5.11.0/bin:/Users/aiwazz/Libs/elasticsearch-1.3.7/bin:/Library/Java/JavaVirtualMachines/jdk1.8.0_31.jdk/Contents/Home/bin:/usr/local/share/python:/Users/aiwazz/bin:/usr/local/bin:/Users/aiwazz/.nvm/versions/node/v5.11.0/bin:/Users/aiwazz/.rvm/gems/ruby-2.3.1/bin:/Users/aiwazz/.rvm/gems/ruby-2.3.1@global/bin:/Users/aiwazz/.rvm/rubies/ruby-2.3.1/bin:/usr/local/bin:/usr/bin:/bin:/usr/sbin:/sbin:/usr/local/git/bin:/Users/aiwazz/.rvm/bin
10 verbose lifecycle panel-builder@4.0.0-alpha~start: CWD: /Users/aiwazz/Projects/premium plugins/content/plugins/panel-builder
11 silly lifecycle panel-builder@4.0.0-alpha~start: Args: [ '-c', 'yarn install && npm run dev' ]
12 silly lifecycle panel-builder@4.0.0-alpha~start: Returned: code: 1  signal: null
13 info lifecycle panel-builder@4.0.0-alpha~start: Failed to exec start script
14 verbose stack Error: panel-builder@4.0.0-alpha start: `yarn install && npm run dev`
14 verbose stack Exit status 1
14 verbose stack     at EventEmitter.<anonymous> (/Users/aiwazz/.nvm/versions/node/v5.11.0/lib/node_modules/npm/lib/utils/lifecycle.js:239:16)
14 verbose stack     at emitTwo (events.js:100:13)
14 verbose stack     at EventEmitter.emit (events.js:185:7)
14 verbose stack     at ChildProcess.<anonymous> (/Users/aiwazz/.nvm/versions/node/v5.11.0/lib/node_modules/npm/lib/utils/spawn.js:24:14)
14 verbose stack     at emitTwo (events.js:100:13)
14 verbose stack     at ChildProcess.emit (events.js:185:7)
14 verbose stack     at maybeClose (internal/child_process.js:850:16)
14 verbose stack     at Process.ChildProcess._handle.onexit (internal/child_process.js:215:5)
15 verbose pkgid panel-builder@4.0.0-alpha
16 verbose cwd /Users/aiwazz/Projects/premium plugins/content/plugins/panel-builder
17 error Darwin 16.1.0
18 error argv "/Users/aiwazz/.nvm/versions/node/v5.11.0/bin/node" "/Users/aiwazz/.nvm/versions/node/v5.11.0/lib/node_modules/npm/bin/npm-cli.js" "run-script" "start"
19 error node v5.11.0
20 error npm  v3.8.6
21 error code ELIFECYCLE
22 error panel-builder@4.0.0-alpha start: `yarn install && npm run dev`
22 error Exit status 1
23 error Failed at the panel-builder@4.0.0-alpha start script 'yarn install && npm run dev'.
23 error Make sure you have the latest version of node.js and npm installed.
23 error If you do, this is most likely a problem with the panel-builder package,
23 error not with npm itself.
23 error Tell the author that this fails on your system:
23 error     yarn install && npm run dev
23 error You can get information on how to open an issue for this project with:
23 error     npm bugs panel-builder
23 error Or if that isn't available, you can get their info via:
23 error     npm owner ls panel-builder
23 error There is likely additional logging output above.
24 verbose exit [ 1, true ]
